27 2
76 57
13 98
52 14
30 66
14 19
13 86
71 38
3 25
96 21
23 49
86 55
44 0
71 62
90 62
60 36
82 3
26 36
41 79
86 96
86 79
59 57
92 16
42 14
7 81
5 58
35 21
73 21
81 62
74 53
29 99
99 74
84 12
85 1
80 5
55 99
36 73
22 0
86 26
49 68
2 2
20 10
82 13
60 40
11 81
81 76
96 37
29 80
19 76
56 93
31 87
17 47
68 4
62 60
13 16
20 99
20 64
10 83
64 17
80 67
84 26
62 43
18 85
18 91
37 5
48 46
52 89
93 27
35 37
9 88
36 66
48 58
45 68
49 42
1 10
5 71
51 88
4 28
78 14
21 95
21 94
72 20
77 96
17 87
30 65
54 15
90 10
35 40
76 58
8 59
45 28
89 28
36 89
1 5
38 35
22 19
54 43
33 55
32 83
75 28
50 24
44 95
94 0
35 80
98 43
50 50
2 28
13 12
3 10
53 96
54 59
80 28
89 74
26 8
57 85
51 97
67 16
78 53
71 77
96 46
49 12
25 26
50 64
25 92
24 5
54 10
99 74
71 17
18 47
30 1
23 64
71 82
97 25
96 20
69 39
9 32
92 54
63 30
59 48
88 22
51 18
90 93
75 7
34 1
39 86
98 61
53 78
44 6
66 39
77 89
79 11
47 51
79 79
66 84
7 26
22 42
78 6
30 64
39 97
13 17
30 89
55 68
37 51
12 18
83 63
30 47
52 12
9 32
26 33
4 36
2 43
47 61
19 58
23 67
18 60
0 9
9 56
89 94
53 39
84 90
6 46
89 26
20 24
68 12
75 18
6 95
98 10
27 62
68 8
88 9
27 62
81 27
9 98
46 51
86 4
90 11
10 90
9 44
13 64
8 26
68 14
59 85
15 77
15 86
75 60
11 5
92 86
77 19
48 65
23 32
48 76
1 76
26 79
59 51
9 47
11 8
69 92
77 80
5 0
35 33
6 3
45 23
74 98
85 26
80 57
51 56
19 27
55 87
0 89
14 69
94 59
64 79
71 38
84 54
46 8
81 53
88 31
82 26
9 21
59 74
78 48
49 11
25 37
63 38
80 11
40 38
74 25
83 44
14 69
62 22
53 76
60 37
75 63
62 19
8 0
72 68
43 3
6 0
29 64
55 19
2 70
99 62
63 77
50 82
20 50
50 83
97 87
15 16
14 60
70 88
14 70
32 87
8 96
63 80
30 13
97 99
65 42
46 47
65 22
81 46
51 20
15 65
10 8
96 50
47 43
27 48
74 28
0 79
32 28
81 11
46 4
35 29
99 74
14 51
97 15
70 50
80 0
35 69
0 54
3 27
83 14
78 84
54 1
36 49
68 51
35 96
33 39
34 29
31 4
12 23
6 20
31 66
58 22
5 13
75 59
31 51
62 73
92 96
60 13
45 59
33 80
8 27
4 76
30 87
60 74
18 50
85 88
42 18
85 42
20 75
57 43
14 39
29 39
55 43
55 53
16 20
78 15
84 28
47 90
66 48
17 57
71 98
99 17
91 76
78 58
75 34
5 84
67 14
1 66
59 85
81 50
70 82
52 59
43 98
42 51
39 12
45 69
67 58
95 27
18 49
38 34
59 19
27 81
30 0
32 63
2 29
75 32
2 35
76 40
53 57
85 84
44 24
56 92
52 88
28 27
59 76
21 13
43 52
9 30
14 14
88 13
77 71
86 3
24 96
10 23
64 86
1 44
19 71
9 90
16 60
75 82
89 26
8 41
81 86
23 86
43 59
11 92
68 42
0 7
11 5
19 35
5 73
67 81
83 74
72 29
85 99
55 84
66 85
68 80
98 55
53 36
96 22
90 86
43 49
51 2
42 20
46 82
73 60
29 11
88 81
96 96
18 29
52 19
77 56
32 31
88 17
11 68
55 62
29 13
49 20
46 20
46 10
78 64
31 80
20 84
57 62
81 18
98 18
24 37
80 48
62 52
4 93
56 35
45 9
15 36
4 48
81 45
44 49
15 1
97 5
78 51
27 4
45 78
27 21
33 21
45 72
15 77
55 17
13 30
80 54
90 90
91 35
59 76
95 8
42 45
42 89
71 36
0 1
93 38
17 22
55 54
5 33
16 32
97 75
92 50
5 44
15 94
53 35
12 98
37 50
92 2
83 13
5 3
77 53
86 54
91 80
6 89
90 26
27 57
30 51
6 67
43 78
41 71
87 96
15 49
32 25
19 50
74 25
54 24
9 54
9 99
67 71
52 18
80 30
11 23
88 71
90 97
33 96
81 69
34 9
10 92
13 63
66 59
4 88
71 51
38 90
41 75
60 34
37 39
43 98
7 53
36 44
21 66
79 77
72 79
79 47
20 79
19 66
33 7
87 22
9 78
41 30
23 39
71 13
95 30
81 55
94 37
61 12
35 83
93 30
49 52
39 9
70 26
50 4
45 2
57 47
42 19
74 23
25 18
82 0
72 9
73 89
61 53
68 84
45 6
35 89
13 20
59 68
7 75
2 6
24 98
63 27
79 68
15 88
18 27
50 81
45 9
20 46
78 86
72 90
63 10
63 9
97 13
6 8
17 68
14 59
53 15
61 15
88 75
8 11
43 92
1 77
38 48
86 23
61 48
95 1
18 26
69 59
38 9
65 11
43 69
12 77
51 5
8 35
12 6
8 45
75 74
23 85
43 80
44 51
44 19
54 55
69 0
31 14
44 94
25 64
5 71
53 84
33 46
57 81
86 88
24 82
95 9
62 59
40 78
21 49
47 25
59 63
34 80
49 40
62 74
84 83
20 14
68 62
89 53
51 60
60 75
62 62
61 8
56 72
0 43
95 6
94 29
78 55
14 2
78 99
27 63
28 50
58 20
13 50
46 97
34 15
79 14
2 70
98 14
53 32
53 8
12 63
79 30
47 97
60 65
37 46
20 65
48 81
3 51
83 15
34 10
66 96
46 47
10 27
66 74
73 0
37 32
76 81
40 46
84 35
72 99
49 14
99 97
8 70
11 80
0 35
64 0
39 3
25 83
80 78
83 54
24 36
63 68
58 35
26 33
7 34
70 31
58 12
59 6
51 31
67 58
30 5
90 75
89 31
3 62
47 92
91 60
36 45
22 33
1 8
16 4
92 30
15 60
48 18
80 85
95 42
47 85
30 20
82 57
7 14
76 29
60 55
50 55
60 16
5 78
63 84
83 47
72 66
38 17
95 71
96 99
21 91
35 78
93 75
88 5
39 67
62 1
30 59
8 81
58 70
17 52
60 43
72 42
27 39
54 45
6 67
61 95
71 18
40 38
96 59
11 27
73 30
26 32
70 2
68 75
99 2
2 76
12 53
58 85
78 44
79 56
62 52
17 28
39 59
19 21
35 43
72 9
39 14
95 88
42 77
58 86
51 24
59 10
82 64
25 1
85 19
55 9
65 16
70 75
66 89
92 8
79 81
80 23
98 43
76 11
99 68
97 0
77 11
60 19
25 5
28 67
35 83
62 72
81 85
48 55
34 66
63 68
4 98
3 53
38 96
77 90
28 43
69 51
26 42
68 46
29 73
61 29
40 88
40 96
81 18
81 52
59 77
36 32
44 88
33 11
66 55
27 29
96 49
88 46
29 46
61 78
59 31
34 20
26 57
9 81
86 98
58 24
85 80
38 62
33 4
59 56
4 45
91 15
93 4
66 81
91 44
43 15
1 97
31 78
34 27
84 45
15 27
8 33
78 45
34 15
44 55
32 13
82 80
89 90
74 91
85 59
88 95
69 42
5 42
88 71
7 0
99 93
23 17
58 55
18 5
47 16
41 97
36 92
31 5
20 15
4 53
63 12
55 37
62 92
31 83
54 5
87 77
19 86
46 91
8 6
98 90
79 27
16 30
57 6
77 43
75 41
4 87
25 15
85 32
29 19
91 74
66 54
8 9
65 9
47 67
0 52
9 80
23 11
36 88
48 90
36 33
57 81
89 34
68 10
22 13
83 66
92 4
15 71
91 38
29 41
58 60
81 37
43 43
91 7
85 36
4 21
5 79
1 72
18 79
36 20
52 19
61 33
82 87
14 9
33 41
94 23
25 71
79 95
81 81
26 94
8 61
25 35
60 93
95 49
35 39
81 70
98 50
43 45
91 57
69 42
9 74
53 25
50 82
68 72
87 73
23 61
58 68
87 45
43 35
91 13
11 59
38 7
16 2
70 24
77 63
44 79
58 15
29 18
35 50
34 45
5 20
48 78
35 72
13 63
66 63
34 97
92 6
92 17
85 14
61 53
70 61
35 88
81 8
88 43
28 1
52 38
49 86
55 61
33 95
38 18
92 69
71 38
38 65
45 43
4 12
37 51
12 8
34 12
33 8
66 75
66 23
45 43
2 44
9 44
82 54
79 69
41 31
78 44
70 25
86 5
83 53
33 33
7 57
1 86
18 24
81 95
14 62
59 40
1 21
99 47
91 59
4 34
76 49
73 62
13 84
61 20
41 68
24 89
59 51
